<?xml version="1.0" encoding="UTF-8"?>
<!-- Generated by org.testng.reporters.JUnitReportReporter -->
<testsuite hostname="DESKTOP-5U5TB2M" failures="0" tests="1" name="tests.productpgtest" time="8.267" errors="0" timestamp="2023-08-19T05:09:12 EET" skipped="0">
  <testcase classname="tests.productpgtest" name="gotoproduct" time="8.267"/>
</testsuite> <!-- tests.productpgtest -->
