<?xml version="1.0" encoding="UTF-8"?>
<!-- Generated by org.testng.reporters.JUnitReportReporter -->
<testsuite hostname="DESKTOP-5U5TB2M" failures="0" tests="1" name="tests.SignupTest" time="3.938" errors="0" timestamp="2023-08-19T06:13:09 EET" skipped="0">
  <testcase classname="tests.SignupTest" name="usercansighnup" time="3.938"/>
</testsuite> <!-- tests.SignupTest -->
